<?xml version="1.0" encoding="UTF-8"?>
<!-- Generated by org.testng.reporters.JUnitReportReporter -->
<testsuite hostname="SRDEVL172" failures="0" tests="3" name="testcases.LoginTestCase" time="13.687" errors="0" timestamp="2023-07-12T11:59:09 IST" skipped="0">
  <testcase classname="testcases.LoginTestCase" name="verifyLogin" time="3.056"/>
  <testcase classname="testcases.LoginTestCase" name="verifyLogin" time="6.448"/>
  <testcase classname="testcases.LoginTestCase" name="verifyLogin" time="4.183"/>
</testsuite> <!-- testcases.LoginTestCase -->
