<?xml version="1.0" encoding="UTF-8"?>
<!-- Generated by org.testng.reporters.JUnitReportReporter -->
<testsuite hostname="SRDEVL172" failures="0" tests="1" name="testcases.SignupTestCases" time="16.731" errors="0" timestamp="2023-07-12T11:59:09 IST" skipped="0">
  <testcase classname="testcases.SignupTestCases" name="verifySignup" time="16.731"/>
</testsuite> <!-- testcases.SignupTestCases -->
